<?xml version="1.0" encoding="UTF-8"?>
<testng-results ignored="0" total="2" passed="2" failed="0" skipped="0">
  <reporter-output>
  </reporter-output>
  <suite started-at="2023-05-17T17:50:45 IST" name="Default suite" finished-at="2023-05-17T17:50:49 IST" duration-ms="4379">
    <groups>
    </groups>
    <test started-at="2023-05-17T17:50:45 IST" name="Default test" finished-at="2023-05-17T17:50:49 IST" duration-ms="4379">
      <class name="DynamicJson">
        <test-method signature="libraryApi(java.lang.String,java.lang.String)[pri:0, instance:DynamicJson@7722c3c3]" started-at="2023-05-17T17:50:45 IST" name="libraryApi" data-provider="Books" finished-at="2023-05-17T17:50:48 IST" duration-ms="3141" status="PASS">
          <params>
            <param index="0">
              <value>
                <![CDATA[ddfg]]>
              </value>
            </param>
            <param index="1">
              <value>
                <![CDATA[2678]]>
              </value>
            </param>
          </params>
          <reporter-output>
          </reporter-output>
        </test-method> <!-- libraryApi -->
        <test-method signature="libraryApi(java.lang.String,java.lang.String)[pri:0, instance:DynamicJson@7722c3c3]" started-at="2023-05-17T17:50:48 IST" name="libraryApi" data-provider="Books" finished-at="2023-05-17T17:50:49 IST" duration-ms="1201" status="PASS">
          <params>
            <param index="0">
              <value>
                <![CDATA[eer]]>
              </value>
            </param>
            <param index="1">
              <value>
                <![CDATA[344]]>
              </value>
            </param>
          </params>
          <reporter-output>
          </reporter-output>
        </test-method> <!-- libraryApi -->
      </class> <!-- DynamicJson -->
    </test> <!-- Default test -->
  </suite> <!-- Default suite -->
</testng-results>
